2016-06-17 22:55:58,747 [main] DEBUG org.springframework.beans.factory.annotation.InjectionMetadata - Registered injected element on class [com.software.server.dao.base.DataSourceConfig$$EnhancerBySpringCGLIB$$eab67cba]: AutowiredFieldElement for private java.lang.String com.software.server.dao.base.DataSourceConfig.password
2016-06-17 22:55:58,809 [main] DEBUG org.springframework.beans.factory.annotation.InjectionMetadata - Processing injected element of bean 'com.software.server.dao.base.DataSourceConfig': AutowiredFieldElement for private java.lang.String com.software.server.dao.base.DataSourceConfig.password
2016-06-17 22:55:58,811 [main] DEBUG org.springframework.core.env.PropertySourcesPropertyResolver - Searching for key 'db.password' in [environmentProperties]
2016-06-17 22:55:58,812 [main] DEBUG org.springframework.core.env.PropertySourcesPropertyResolver - Searching for key 'db.password' in [systemProperties]
2016-06-17 22:55:58,813 [main] DEBUG org.springframework.core.env.PropertySourcesPropertyResolver - Searching for key 'db.password' in [systemEnvironment]
2016-06-17 22:55:58,814 [main] DEBUG org.springframework.core.env.PropertySourcesPropertyResolver - Searching for key 'db.password' in [class path resource [config/database.properties]]
2016-06-17 22:55:58,815 [main] DEBUG org.springframework.core.env.PropertySourcesPropertyResolver - Found key 'db.password' in [class path resource [config/database.properties]] with type [String] and value '123456'
2016-06-17 22:55:58,816 [main] DEBUG org.springframework.core.env.PropertySourcesPropertyResolver - Found key 'db.password' in [environmentProperties] with type [String] and value '123456'
2016-06-17 22:56:51,860 [main] DEBUG org.springframework.beans.factory.annotation.InjectionMetadata - Registered injected element on class [com.software.server.dao.base.DataSourceConfig$$EnhancerBySpringCGLIB$$17368149]: AutowiredFieldElement for private java.lang.String com.software.server.dao.base.DataSourceConfig.password
2016-06-17 22:56:51,962 [main] DEBUG org.springframework.beans.factory.annotation.InjectionMetadata - Processing injected element of bean 'com.software.server.dao.base.DataSourceConfig': AutowiredFieldElement for private java.lang.String com.software.server.dao.base.DataSourceConfig.password
2016-06-17 22:56:51,964 [main] DEBUG org.springframework.core.env.PropertySourcesPropertyResolver - Searching for key 'db.password' in [environmentProperties]
2016-06-17 22:56:51,966 [main] DEBUG org.springframework.core.env.PropertySourcesPropertyResolver - Searching for key 'db.password' in [systemProperties]
2016-06-17 22:56:51,968 [main] DEBUG org.springframework.core.env.PropertySourcesPropertyResolver - Searching for key 'db.password' in [systemEnvironment]
2016-06-17 22:56:51,993 [main] DEBUG org.springframework.core.env.PropertySourcesPropertyResolver - Searching for key 'db.password' in [class path resource [config/database.properties]]
2016-06-17 22:56:51,997 [main] DEBUG org.springframework.core.env.PropertySourcesPropertyResolver - Found key 'db.password' in [class path resource [config/database.properties]] with type [String] and value '123456'
2016-06-17 22:56:52,002 [main] DEBUG org.springframework.core.env.PropertySourcesPropertyResolver - Found key 'db.password' in [environmentProperties] with type [String] and value '123456'
2016-06-17 22:57:50,043 [main] DEBUG org.springframework.beans.factory.annotation.InjectionMetadata - Registered injected element on class [com.software.server.dao.base.DataSourceConfig$$EnhancerBySpringCGLIB$$eab67cba]: AutowiredFieldElement for private java.lang.String com.software.server.dao.base.DataSourceConfig.password
2016-06-17 22:57:50,102 [main] DEBUG org.springframework.beans.factory.annotation.InjectionMetadata - Processing injected element of bean 'com.software.server.dao.base.DataSourceConfig': AutowiredFieldElement for private java.lang.String com.software.server.dao.base.DataSourceConfig.password
2016-06-17 22:57:50,103 [main] DEBUG org.springframework.core.env.PropertySourcesPropertyResolver - Searching for key 'db.password' in [environmentProperties]
2016-06-17 22:57:50,104 [main] DEBUG org.springframework.core.env.PropertySourcesPropertyResolver - Searching for key 'db.password' in [systemProperties]
2016-06-17 22:57:50,105 [main] DEBUG org.springframework.core.env.PropertySourcesPropertyResolver - Searching for key 'db.password' in [systemEnvironment]
2016-06-17 22:57:50,106 [main] DEBUG org.springframework.core.env.PropertySourcesPropertyResolver - Searching for key 'db.password' in [class path resource [config/database.properties]]
2016-06-17 22:57:50,107 [main] DEBUG org.springframework.core.env.PropertySourcesPropertyResolver - Found key 'db.password' in [class path resource [config/database.properties]] with type [String] and value '123456'
2016-06-17 22:57:50,109 [main] DEBUG org.springframework.core.env.PropertySourcesPropertyResolver - Found key 'db.password' in [environmentProperties] with type [String] and value '123456'
