2016-06-21 11:03:07,343 [main] DEBUG org.springframework.beans.factory.annotation.InjectionMetadata - Registered injected element on class [com.software.server.dao.base.DataSourceConfig$$EnhancerBySpringCGLIB$$fc8306ba]: AutowiredFieldElement for private java.lang.String com.software.server.dao.base.DataSourceConfig.password
2016-06-21 11:03:07,422 [main] DEBUG org.springframework.beans.factory.annotation.InjectionMetadata - Processing injected element of bean 'com.software.server.dao.base.DataSourceConfig': AutowiredFieldElement for private java.lang.String com.software.server.dao.base.DataSourceConfig.password
2016-06-21 11:03:07,424 [main] DEBUG org.springframework.core.env.PropertySourcesPropertyResolver - Searching for key 'db.password' in [environmentProperties]
2016-06-21 11:03:07,427 [main] DEBUG org.springframework.core.env.PropertySourcesPropertyResolver - Searching for key 'db.password' in [systemProperties]
2016-06-21 11:03:07,428 [main] DEBUG org.springframework.core.env.PropertySourcesPropertyResolver - Searching for key 'db.password' in [systemEnvironment]
2016-06-21 11:03:07,429 [main] DEBUG org.springframework.core.env.PropertySourcesPropertyResolver - Searching for key 'db.password' in [class path resource [config/database.properties]]
2016-06-21 11:03:07,430 [main] DEBUG org.springframework.core.env.PropertySourcesPropertyResolver - Found key 'db.password' in [class path resource [config/database.properties]] with type [String] and value '123456'
2016-06-21 11:03:07,431 [main] DEBUG org.springframework.core.env.PropertySourcesPropertyResolver - Found key 'db.password' in [environmentProperties] with type [String] and value '123456'
2016-06-21 11:24:03,405 [main] DEBUG org.springframework.beans.factory.annotation.InjectionMetadata - Registered injected element on class [com.software.server.dao.base.DataSourceConfig$$EnhancerBySpringCGLIB$$7161dc3d]: AutowiredFieldElement for private java.lang.String com.software.server.dao.base.DataSourceConfig.password
2016-06-21 11:24:03,471 [main] DEBUG org.springframework.beans.factory.annotation.InjectionMetadata - Processing injected element of bean 'com.software.server.dao.base.DataSourceConfig': AutowiredFieldElement for private java.lang.String com.software.server.dao.base.DataSourceConfig.password
2016-06-21 11:24:03,473 [main] DEBUG org.springframework.core.env.PropertySourcesPropertyResolver - Searching for key 'db.password' in [environmentProperties]
2016-06-21 11:24:03,474 [main] DEBUG org.springframework.core.env.PropertySourcesPropertyResolver - Searching for key 'db.password' in [systemProperties]
2016-06-21 11:24:03,475 [main] DEBUG org.springframework.core.env.PropertySourcesPropertyResolver - Searching for key 'db.password' in [systemEnvironment]
2016-06-21 11:24:03,476 [main] DEBUG org.springframework.core.env.PropertySourcesPropertyResolver - Searching for key 'db.password' in [class path resource [config/database.properties]]
2016-06-21 11:24:03,479 [main] DEBUG org.springframework.core.env.PropertySourcesPropertyResolver - Found key 'db.password' in [class path resource [config/database.properties]] with type [String] and value '123456'
2016-06-21 11:24:03,480 [main] DEBUG org.springframework.core.env.PropertySourcesPropertyResolver - Found key 'db.password' in [environmentProperties] with type [String] and value '123456'
2016-06-21 11:25:20,500 [main] DEBUG org.springframework.beans.factory.annotation.InjectionMetadata - Registered injected element on class [com.software.server.dao.base.DataSourceConfig$$EnhancerBySpringCGLIB$$fa6e49cf]: AutowiredFieldElement for private java.lang.String com.software.server.dao.base.DataSourceConfig.password
2016-06-21 11:25:20,566 [main] DEBUG org.springframework.beans.factory.annotation.InjectionMetadata - Processing injected element of bean 'com.software.server.dao.base.DataSourceConfig': AutowiredFieldElement for private java.lang.String com.software.server.dao.base.DataSourceConfig.password
2016-06-21 11:25:20,567 [main] DEBUG org.springframework.core.env.PropertySourcesPropertyResolver - Searching for key 'db.password' in [environmentProperties]
2016-06-21 11:25:20,571 [main] DEBUG org.springframework.core.env.PropertySourcesPropertyResolver - Searching for key 'db.password' in [systemProperties]
2016-06-21 11:25:20,573 [main] DEBUG org.springframework.core.env.PropertySourcesPropertyResolver - Searching for key 'db.password' in [systemEnvironment]
2016-06-21 11:25:20,574 [main] DEBUG org.springframework.core.env.PropertySourcesPropertyResolver - Searching for key 'db.password' in [class path resource [config/database.properties]]
2016-06-21 11:25:20,578 [main] DEBUG org.springframework.core.env.PropertySourcesPropertyResolver - Found key 'db.password' in [class path resource [config/database.properties]] with type [String] and value '123456'
2016-06-21 11:25:20,581 [main] DEBUG org.springframework.core.env.PropertySourcesPropertyResolver - Found key 'db.password' in [environmentProperties] with type [String] and value '123456'
2016-06-21 11:26:06,770 [main] DEBUG org.springframework.beans.factory.annotation.InjectionMetadata - Registered injected element on class [com.software.server.dao.base.DataSourceConfig$$EnhancerBySpringCGLIB$$d28baa91]: AutowiredFieldElement for private java.lang.String com.software.server.dao.base.DataSourceConfig.password
2016-06-21 11:26:06,829 [main] DEBUG org.springframework.beans.factory.annotation.InjectionMetadata - Processing injected element of bean 'com.software.server.dao.base.DataSourceConfig': AutowiredFieldElement for private java.lang.String com.software.server.dao.base.DataSourceConfig.password
2016-06-21 11:26:06,831 [main] DEBUG org.springframework.core.env.PropertySourcesPropertyResolver - Searching for key 'db.password' in [environmentProperties]
2016-06-21 11:26:06,837 [main] DEBUG org.springframework.core.env.PropertySourcesPropertyResolver - Searching for key 'db.password' in [systemProperties]
2016-06-21 11:26:06,840 [main] DEBUG org.springframework.core.env.PropertySourcesPropertyResolver - Searching for key 'db.password' in [systemEnvironment]
2016-06-21 11:26:06,842 [main] DEBUG org.springframework.core.env.PropertySourcesPropertyResolver - Searching for key 'db.password' in [class path resource [config/database.properties]]
2016-06-21 11:26:06,843 [main] DEBUG org.springframework.core.env.PropertySourcesPropertyResolver - Found key 'db.password' in [class path resource [config/database.properties]] with type [String] and value '123456'
2016-06-21 11:26:06,849 [main] DEBUG org.springframework.core.env.PropertySourcesPropertyResolver - Found key 'db.password' in [environmentProperties] with type [String] and value '123456'
2016-06-21 11:26:57,883 [main] DEBUG org.springframework.beans.factory.annotation.InjectionMetadata - Registered injected element on class [com.software.server.dao.base.DataSourceConfig$$EnhancerBySpringCGLIB$$ebaf9b5c]: AutowiredFieldElement for private java.lang.String com.software.server.dao.base.DataSourceConfig.password
2016-06-21 11:26:57,932 [main] DEBUG org.springframework.beans.factory.annotation.InjectionMetadata - Processing injected element of bean 'com.software.server.dao.base.DataSourceConfig': AutowiredFieldElement for private java.lang.String com.software.server.dao.base.DataSourceConfig.password
2016-06-21 11:26:57,933 [main] DEBUG org.springframework.core.env.PropertySourcesPropertyResolver - Searching for key 'db.password' in [environmentProperties]
2016-06-21 11:26:57,933 [main] DEBUG org.springframework.core.env.PropertySourcesPropertyResolver - Searching for key 'db.password' in [systemProperties]
2016-06-21 11:26:57,934 [main] DEBUG org.springframework.core.env.PropertySourcesPropertyResolver - Searching for key 'db.password' in [systemEnvironment]
2016-06-21 11:26:57,935 [main] DEBUG org.springframework.core.env.PropertySourcesPropertyResolver - Searching for key 'db.password' in [class path resource [config/database.properties]]
2016-06-21 11:26:57,935 [main] DEBUG org.springframework.core.env.PropertySourcesPropertyResolver - Found key 'db.password' in [class path resource [config/database.properties]] with type [String] and value '123456'
2016-06-21 11:26:57,936 [main] DEBUG org.springframework.core.env.PropertySourcesPropertyResolver - Found key 'db.password' in [environmentProperties] with type [String] and value '123456'
2016-06-21 11:27:14,823 [main] DEBUG org.springframework.beans.factory.annotation.InjectionMetadata - Registered injected element on class [com.software.server.dao.base.DataSourceConfig$$EnhancerBySpringCGLIB$$ebaf9b5c]: AutowiredFieldElement for private java.lang.String com.software.server.dao.base.DataSourceConfig.password
2016-06-21 11:27:14,879 [main] DEBUG org.springframework.beans.factory.annotation.InjectionMetadata - Processing injected element of bean 'com.software.server.dao.base.DataSourceConfig': AutowiredFieldElement for private java.lang.String com.software.server.dao.base.DataSourceConfig.password
2016-06-21 11:27:14,881 [main] DEBUG org.springframework.core.env.PropertySourcesPropertyResolver - Searching for key 'db.password' in [environmentProperties]
2016-06-21 11:27:14,884 [main] DEBUG org.springframework.core.env.PropertySourcesPropertyResolver - Searching for key 'db.password' in [systemProperties]
2016-06-21 11:27:14,885 [main] DEBUG org.springframework.core.env.PropertySourcesPropertyResolver - Searching for key 'db.password' in [systemEnvironment]
2016-06-21 11:27:14,887 [main] DEBUG org.springframework.core.env.PropertySourcesPropertyResolver - Searching for key 'db.password' in [class path resource [config/database.properties]]
2016-06-21 11:27:14,888 [main] DEBUG org.springframework.core.env.PropertySourcesPropertyResolver - Found key 'db.password' in [class path resource [config/database.properties]] with type [String] and value '123456'
2016-06-21 11:27:14,898 [main] DEBUG org.springframework.core.env.PropertySourcesPropertyResolver - Found key 'db.password' in [environmentProperties] with type [String] and value '123456'
