2016-06-20 17:16:57,328 [main] DEBUG org.springframework.beans.factory.annotation.InjectionMetadata - Registered injected element on class [com.software.server.dao.base.DataSourceConfig$$EnhancerBySpringCGLIB$$2ba306a4]: AutowiredFieldElement for private java.lang.String com.software.server.dao.base.DataSourceConfig.password
2016-06-20 17:16:57,396 [main] DEBUG org.springframework.beans.factory.annotation.InjectionMetadata - Processing injected element of bean 'com.software.server.dao.base.DataSourceConfig': AutowiredFieldElement for private java.lang.String com.software.server.dao.base.DataSourceConfig.password
2016-06-20 17:16:57,397 [main] DEBUG org.springframework.core.env.PropertySourcesPropertyResolver - Searching for key 'db.password' in [environmentProperties]
2016-06-20 17:16:57,398 [main] DEBUG org.springframework.core.env.PropertySourcesPropertyResolver - Searching for key 'db.password' in [systemProperties]
2016-06-20 17:16:57,398 [main] DEBUG org.springframework.core.env.PropertySourcesPropertyResolver - Searching for key 'db.password' in [systemEnvironment]
2016-06-20 17:16:57,399 [main] DEBUG org.springframework.core.env.PropertySourcesPropertyResolver - Searching for key 'db.password' in [class path resource [config/database.properties]]
2016-06-20 17:16:57,400 [main] DEBUG org.springframework.core.env.PropertySourcesPropertyResolver - Found key 'db.password' in [class path resource [config/database.properties]] with type [String] and value '123456'
2016-06-20 17:16:57,401 [main] DEBUG org.springframework.core.env.PropertySourcesPropertyResolver - Found key 'db.password' in [environmentProperties] with type [String] and value '123456'
2016-06-20 17:18:04,851 [main] DEBUG org.springframework.beans.factory.annotation.InjectionMetadata - Registered injected element on class [com.software.server.dao.base.DataSourceConfig$$EnhancerBySpringCGLIB$$d81e30af]: AutowiredFieldElement for private java.lang.String com.software.server.dao.base.DataSourceConfig.password
2016-06-20 17:18:04,936 [main] DEBUG org.springframework.beans.factory.annotation.InjectionMetadata - Processing injected element of bean 'com.software.server.dao.base.DataSourceConfig': AutowiredFieldElement for private java.lang.String com.software.server.dao.base.DataSourceConfig.password
2016-06-20 17:18:04,938 [main] DEBUG org.springframework.core.env.PropertySourcesPropertyResolver - Searching for key 'db.password' in [environmentProperties]
2016-06-20 17:18:04,939 [main] DEBUG org.springframework.core.env.PropertySourcesPropertyResolver - Searching for key 'db.password' in [systemProperties]
2016-06-20 17:18:04,941 [main] DEBUG org.springframework.core.env.PropertySourcesPropertyResolver - Searching for key 'db.password' in [systemEnvironment]
2016-06-20 17:18:04,942 [main] DEBUG org.springframework.core.env.PropertySourcesPropertyResolver - Searching for key 'db.password' in [class path resource [config/database.properties]]
2016-06-20 17:18:04,943 [main] DEBUG org.springframework.core.env.PropertySourcesPropertyResolver - Found key 'db.password' in [class path resource [config/database.properties]] with type [String] and value '123456'
2016-06-20 17:18:04,944 [main] DEBUG org.springframework.core.env.PropertySourcesPropertyResolver - Found key 'db.password' in [environmentProperties] with type [String] and value '123456'
2016-06-20 17:19:18,282 [main] DEBUG org.springframework.beans.factory.annotation.InjectionMetadata - Registered injected element on class [com.software.server.dao.base.DataSourceConfig$$EnhancerBySpringCGLIB$$d27c703b]: AutowiredFieldElement for private java.lang.String com.software.server.dao.base.DataSourceConfig.password
2016-06-20 17:19:18,449 [main] DEBUG org.springframework.beans.factory.annotation.InjectionMetadata - Processing injected element of bean 'com.software.server.dao.base.DataSourceConfig': AutowiredFieldElement for private java.lang.String com.software.server.dao.base.DataSourceConfig.password
2016-06-20 17:19:18,450 [main] DEBUG org.springframework.core.env.PropertySourcesPropertyResolver - Searching for key 'db.password' in [environmentProperties]
2016-06-20 17:19:18,452 [main] DEBUG org.springframework.core.env.PropertySourcesPropertyResolver - Searching for key 'db.password' in [systemProperties]
2016-06-20 17:19:18,453 [main] DEBUG org.springframework.core.env.PropertySourcesPropertyResolver - Searching for key 'db.password' in [systemEnvironment]
2016-06-20 17:19:18,454 [main] DEBUG org.springframework.core.env.PropertySourcesPropertyResolver - Searching for key 'db.password' in [class path resource [config/database.properties]]
2016-06-20 17:19:18,455 [main] DEBUG org.springframework.core.env.PropertySourcesPropertyResolver - Found key 'db.password' in [class path resource [config/database.properties]] with type [String] and value '123456'
2016-06-20 17:19:18,456 [main] DEBUG org.springframework.core.env.PropertySourcesPropertyResolver - Found key 'db.password' in [environmentProperties] with type [String] and value '123456'
2016-06-20 17:36:18,653 [main] DEBUG org.springframework.beans.factory.annotation.InjectionMetadata - Registered injected element on class [com.software.server.dao.base.DataSourceConfig$$EnhancerBySpringCGLIB$$176b55b3]: AutowiredFieldElement for private java.lang.String com.software.server.dao.base.DataSourceConfig.password
2016-06-20 17:36:18,732 [main] DEBUG org.springframework.beans.factory.annotation.InjectionMetadata - Processing injected element of bean 'com.software.server.dao.base.DataSourceConfig': AutowiredFieldElement for private java.lang.String com.software.server.dao.base.DataSourceConfig.password
2016-06-20 17:36:18,734 [main] DEBUG org.springframework.core.env.PropertySourcesPropertyResolver - Searching for key 'db.password' in [environmentProperties]
2016-06-20 17:36:18,736 [main] DEBUG org.springframework.core.env.PropertySourcesPropertyResolver - Searching for key 'db.password' in [systemProperties]
2016-06-20 17:36:18,737 [main] DEBUG org.springframework.core.env.PropertySourcesPropertyResolver - Searching for key 'db.password' in [systemEnvironment]
2016-06-20 17:36:18,739 [main] DEBUG org.springframework.core.env.PropertySourcesPropertyResolver - Searching for key 'db.password' in [class path resource [config/database.properties]]
2016-06-20 17:36:18,740 [main] DEBUG org.springframework.core.env.PropertySourcesPropertyResolver - Found key 'db.password' in [class path resource [config/database.properties]] with type [String] and value '123456'
2016-06-20 17:36:18,742 [main] DEBUG org.springframework.core.env.PropertySourcesPropertyResolver - Found key 'db.password' in [environmentProperties] with type [String] and value '123456'
2016-06-20 17:39:27,806 [main] DEBUG org.springframework.beans.factory.annotation.InjectionMetadata - Registered injected element on class [com.software.server.dao.base.DataSourceConfig$$EnhancerBySpringCGLIB$$94bb42f8]: AutowiredFieldElement for private java.lang.String com.software.server.dao.base.DataSourceConfig.password
2016-06-20 17:39:27,908 [main] DEBUG org.springframework.beans.factory.annotation.InjectionMetadata - Processing injected element of bean 'com.software.server.dao.base.DataSourceConfig': AutowiredFieldElement for private java.lang.String com.software.server.dao.base.DataSourceConfig.password
2016-06-20 17:39:27,912 [main] DEBUG org.springframework.core.env.PropertySourcesPropertyResolver - Searching for key 'db.password' in [environmentProperties]
2016-06-20 17:39:27,917 [main] DEBUG org.springframework.core.env.PropertySourcesPropertyResolver - Searching for key 'db.password' in [systemProperties]
2016-06-20 17:39:27,921 [main] DEBUG org.springframework.core.env.PropertySourcesPropertyResolver - Searching for key 'db.password' in [systemEnvironment]
2016-06-20 17:39:27,923 [main] DEBUG org.springframework.core.env.PropertySourcesPropertyResolver - Searching for key 'db.password' in [class path resource [config/database.properties]]
2016-06-20 17:39:27,925 [main] DEBUG org.springframework.core.env.PropertySourcesPropertyResolver - Found key 'db.password' in [class path resource [config/database.properties]] with type [String] and value '123456'
2016-06-20 17:39:27,927 [main] DEBUG org.springframework.core.env.PropertySourcesPropertyResolver - Found key 'db.password' in [environmentProperties] with type [String] and value '123456'
